Info: Starting: Create block symbol file (.bsf)
Info: qsys-generate E:\THhethongnhung\Bai2\system.qsys --block-symbol-file --output-directory=E:\THhethongnhung\Bai2\system --family="Cyclone V" --part=5CSXFC6D6F31C6
Progress: Loading Bai2/system.qsys
Progress: Reading input file
Progress: Adding clock [clock_source 18.1]
Progress: Parameterizing module clock
Progress: Adding jtag_uart_0 [altera_avalon_jtag_uart 18.1]
Progress: Parameterizing module jtag_uart_0
Progress: Adding led [altera_avalon_pio 18.1]
Progress: Parameterizing module led
Progress: Adding nios2_gen2_0 [altera_nios2_gen2 18.1]
Progress: Parameterizing module nios2_gen2_0
Progress: Adding onchip_memory2_0 [altera_avalon_onchip_memory2 18.1]
Progress: Parameterizing module onchip_memory2_0
Progress: Adding switch [altera_avalon_pio 18.1]
Progress: Parameterizing module switch
Progress: Adding timer_0 [altera_avalon_timer 18.1]
Progress: Parameterizing module timer_0
Progress: Building connections
Progress: Parameterizing connections
Progress: Validating
Progress: Done reading input file
Info: system.jtag_uart_0: JTAG UART IP input clock need to be at least double (2x) the operating frequency of JTAG TCK on board
Info: system.switch: PIO inputs are not hardwired in test bench. Undefined values will be read from PIO inputs during simulation.
Info: qsys-generate succeeded.
Info: Finished: Create block symbol file (.bsf)
Info: 
Info: Starting: Create HDL design files for synthesis
Info: qsys-generate E:\THhethongnhung\Bai2\system.qsys --synthesis=VERILOG --output-directory=E:\THhethongnhung\Bai2\system\synthesis --family="Cyclone V" --part=5CSXFC6D6F31C6
Progress: Loading Bai2/system.qsys
Progress: Reading input file
Progress: Adding clock [clock_source 18.1]
Progress: Parameterizing module clock
Progress: Adding jtag_uart_0 [altera_avalon_jtag_uart 18.1]
Progress: Parameterizing module jtag_uart_0
Progress: Adding led [altera_avalon_pio 18.1]
Progress: Parameterizing module led
Progress: Adding nios2_gen2_0 [altera_nios2_gen2 18.1]
Progress: Parameterizing module nios2_gen2_0
Progress: Adding onchip_memory2_0 [altera_avalon_onchip_memory2 18.1]
Progress: Parameterizing module onchip_memory2_0
Progress: Adding switch [altera_avalon_pio 18.1]
Progress: Parameterizing module switch
Progress: Adding timer_0 [altera_avalon_timer 18.1]
Progress: Parameterizing module timer_0
Progress: Building connections
Progress: Parameterizing connections
Progress: Validating
Progress: Done reading input file
Info: system.jtag_uart_0: JTAG UART IP input clock need to be at least double (2x) the operating frequency of JTAG TCK on board
Info: system.switch: PIO inputs are not hardwired in test bench. Undefined values will be read from PIO inputs during simulation.
Info: system: Generating system "system" for QUARTUS_SYNTH
Info: jtag_uart_0: Starting RTL generation for module 'system_jtag_uart_0'
Info: jtag_uart_0:   Generation command is [exec E:/quatus/quartus/bin64/perl/bin/perl.exe -I E:/quatus/quartus/bin64/perl/lib -I E:/quatus/quartus/sopc_builder/bin/europa -I E:/quatus/quartus/sopc_builder/bin/perl_lib -I E:/quatus/quartus/sopc_builder/bin -I E:/quatus/quartus/../ip/altera/sopc_builder_ip/common -I E:/quatus/quartus/../ip/altera/sopc_builder_ip/altera_avalon_jtag_uart -- E:/quatus/quartus/../ip/altera/sopc_builder_ip/altera_avalon_jtag_uart/generate_rtl.pl --name=system_jtag_uart_0 --dir=C:/Users/ADMINI~1/AppData/Local/Temp/alt9450_493184653575829770.dir/0057_jtag_uart_0_gen/ --quartus_dir=E:/quatus/quartus --verilog --config=C:/Users/ADMINI~1/AppData/Local/Temp/alt9450_493184653575829770.dir/0057_jtag_uart_0_gen//system_jtag_uart_0_component_configuration.pl  --do_build_sim=0  ]
Info: jtag_uart_0: Done RTL generation for module 'system_jtag_uart_0'
Info: jtag_uart_0: "system" instantiated altera_avalon_jtag_uart "jtag_uart_0"
Info: led: Starting RTL generation for module 'system_led'
Info: led:   Generation command is [exec E:/quatus/quartus/bin64/perl/bin/perl.exe -I E:/quatus/quartus/bin64/perl/lib -I E:/quatus/quartus/sopc_builder/bin/europa -I E:/quatus/quartus/sopc_builder/bin/perl_lib -I E:/quatus/quartus/sopc_builder/bin -I E:/quatus/quartus/../ip/altera/sopc_builder_ip/common -I E:/quatus/quartus/../ip/altera/sopc_builder_ip/altera_avalon_pio -- E:/quatus/quartus/../ip/altera/sopc_builder_ip/altera_avalon_pio/generate_rtl.pl --name=system_led --dir=C:/Users/ADMINI~1/AppData/Local/Temp/alt9450_493184653575829770.dir/0058_led_gen/ --quartus_dir=E:/quatus/quartus --verilog --config=C:/Users/ADMINI~1/AppData/Local/Temp/alt9450_493184653575829770.dir/0058_led_gen//system_led_component_configuration.pl  --do_build_sim=0  ]
Info: led: Done RTL generation for module 'system_led'
Info: led: "system" instantiated altera_avalon_pio "led"
Info: nios2_gen2_0: "system" instantiated altera_nios2_gen2 "nios2_gen2_0"
Info: onchip_memory2_0: Starting RTL generation for module 'system_onchip_memory2_0'
Info: onchip_memory2_0:   Generation command is [exec E:/quatus/quartus/bin64/perl/bin/perl.exe -I E:/quatus/quartus/bin64/perl/lib -I E:/quatus/quartus/sopc_builder/bin/europa -I E:/quatus/quartus/sopc_builder/bin/perl_lib -I E:/quatus/quartus/sopc_builder/bin -I E:/quatus/quartus/../ip/altera/sopc_builder_ip/common -I E:/quatus/quartus/../ip/altera/sopc_builder_ip/altera_avalon_onchip_memory2 -- E:/quatus/quartus/../ip/altera/sopc_builder_ip/altera_avalon_onchip_memory2/generate_rtl.pl --name=system_onchip_memory2_0 --dir=C:/Users/ADMINI~1/AppData/Local/Temp/alt9450_493184653575829770.dir/0059_onchip_memory2_0_gen/ --quartus_dir=E:/quatus/quartus --verilog --config=C:/Users/ADMINI~1/AppData/Local/Temp/alt9450_493184653575829770.dir/0059_onchip_memory2_0_gen//system_onchip_memory2_0_component_configuration.pl  --do_build_sim=0  ]
Info: onchip_memory2_0: Done RTL generation for module 'system_onchip_memory2_0'
Info: onchip_memory2_0: "system" instantiated altera_avalon_onchip_memory2 "onchip_memory2_0"
Info: switch: Starting RTL generation for module 'system_switch'
Info: switch:   Generation command is [exec E:/quatus/quartus/bin64/perl/bin/perl.exe -I E:/quatus/quartus/bin64/perl/lib -I E:/quatus/quartus/sopc_builder/bin/europa -I E:/quatus/quartus/sopc_builder/bin/perl_lib -I E:/quatus/quartus/sopc_builder/bin -I E:/quatus/quartus/../ip/altera/sopc_builder_ip/common -I E:/quatus/quartus/../ip/altera/sopc_builder_ip/altera_avalon_pio -- E:/quatus/quartus/../ip/altera/sopc_builder_ip/altera_avalon_pio/generate_rtl.pl --name=system_switch --dir=C:/Users/ADMINI~1/AppData/Local/Temp/alt9450_493184653575829770.dir/0060_switch_gen/ --quartus_dir=E:/quatus/quartus --verilog --config=C:/Users/ADMINI~1/AppData/Local/Temp/alt9450_493184653575829770.dir/0060_switch_gen//system_switch_component_configuration.pl  --do_build_sim=0  ]
Info: switch: Done RTL generation for module 'system_switch'
Info: switch: "system" instantiated altera_avalon_pio "switch"
Info: timer_0: Starting RTL generation for module 'system_timer_0'
Info: timer_0:   Generation command is [exec E:/quatus/quartus/bin64//perl/bin/perl.exe -I E:/quatus/quartus/bin64//perl/lib -I E:/quatus/quartus/sopc_builder/bin/europa -I E:/quatus/quartus/sopc_builder/bin/perl_lib -I E:/quatus/quartus/sopc_builder/bin -I E:/quatus/quartus/../ip/altera/sopc_builder_ip/common -I E:/quatus/quartus/../ip/altera/sopc_builder_ip/altera_avalon_timer -- E:/quatus/quartus/../ip/altera/sopc_builder_ip/altera_avalon_timer/generate_rtl.pl --name=system_timer_0 --dir=C:/Users/ADMINI~1/AppData/Local/Temp/alt9450_493184653575829770.dir/0061_timer_0_gen/ --quartus_dir=E:/quatus/quartus --verilog --config=C:/Users/ADMINI~1/AppData/Local/Temp/alt9450_493184653575829770.dir/0061_timer_0_gen//system_timer_0_component_configuration.pl  --do_build_sim=0  ]
Info: timer_0: Done RTL generation for module 'system_timer_0'
Info: timer_0: "system" instantiated altera_avalon_timer "timer_0"
Info: avalon_st_adapter: Inserting error_adapter: error_adapter_0
Info: avalon_st_adapter_001: Inserting error_adapter: error_adapter_0
Info: avalon_st_adapter_002: Inserting error_adapter: error_adapter_0
Info: avalon_st_adapter_003: Inserting error_adapter: error_adapter_0
Info: avalon_st_adapter_004: Inserting error_adapter: error_adapter_0
Info: avalon_st_adapter_005: Inserting error_adapter: error_adapter_0
Info: mm_interconnect_0: "system" instantiated altera_mm_interconnect "mm_interconnect_0"
Info: irq_mapper: "system" instantiated altera_irq_mapper "irq_mapper"
Info: rst_controller: "system" instantiated altera_reset_controller "rst_controller"
Info: cpu: Starting RTL generation for module 'system_nios2_gen2_0_cpu'
Info: cpu:   Generation command is [exec E:/quatus/quartus/bin64//eperlcmd.exe -I E:/quatus/quartus/bin64//perl/lib -I E:/quatus/quartus/sopc_builder/bin/europa -I E:/quatus/quartus/sopc_builder/bin/perl_lib -I E:/quatus/quartus/sopc_builder/bin -I E:/quatus/quartus/../ip/altera/nios2_ip/altera_nios2_gen2/cpu_lib -I E:/quatus/quartus/../ip/altera/nios2_ip/altera_nios2_gen2/nios_lib -I E:/quatus/quartus/../ip/altera/nios2_ip/altera_nios2_gen2 -I E:/quatus/quartus/../ip/altera/nios2_ip/altera_nios2_gen2 -- E:/quatus/quartus/../ip/altera/nios2_ip/altera_nios2_gen2/generate_rtl.epl --name=system_nios2_gen2_0_cpu --dir=C:/Users/ADMINI~1/AppData/Local/Temp/alt9450_493184653575829770.dir/0064_cpu_gen/ --quartus_bindir=E:/quatus/quartus/bin64/ --verilog --config=C:/Users/ADMINI~1/AppData/Local/Temp/alt9450_493184653575829770.dir/0064_cpu_gen//system_nios2_gen2_0_cpu_processor_configuration.pl  --do_build_sim=0  ]
Info: cpu: # 2023.04.03 13:20:58 (*) Starting Nios II generation
Info: cpu: # 2023.04.03 13:20:58 (*)   Checking for plaintext license.
Info: cpu: # 2023.04.03 13:20:58 (*)   Couldn't query license setup in Quartus directory E:/quatus/quartus/bin64/
Info: cpu: # 2023.04.03 13:20:58 (*)   Defaulting to contents of LM_LICENSE_FILE environment variable
Info: cpu: # 2023.04.03 13:20:58 (*)   LM_LICENSE_FILE environment variable is empty
Info: cpu: # 2023.04.03 13:20:58 (*)   Plaintext license not found.
Info: cpu: # 2023.04.03 13:20:58 (*)   No license required to generate encrypted Nios II/e.
Info: cpu: # 2023.04.03 13:20:58 (*)   Elaborating CPU configuration settings
Info: cpu: # 2023.04.03 13:20:58 (*)   Creating all objects for CPU
Info: cpu: # 2023.04.03 13:21:00 (*)   Generating RTL from CPU objects
Info: cpu: # 2023.04.03 13:21:00 (*)   Creating plain-text RTL
Info: cpu: # 2023.04.03 13:21:01 (*) Done Nios II generation
Info: cpu: Done RTL generation for module 'system_nios2_gen2_0_cpu'
Info: cpu: "nios2_gen2_0" instantiated altera_nios2_gen2_unit "cpu"
Info: nios2_gen2_0_data_master_translator: "mm_interconnect_0" instantiated altera_merlin_master_translator "nios2_gen2_0_data_master_translator"
Info: jtag_uart_0_avalon_jtag_slave_translator: "mm_interconnect_0" instantiated altera_merlin_slave_translator "jtag_uart_0_avalon_jtag_slave_translator"
Info: nios2_gen2_0_data_master_agent: "mm_interconnect_0" instantiated altera_merlin_master_agent "nios2_gen2_0_data_master_agent"
Info: jtag_uart_0_avalon_jtag_slave_agent: "mm_interconnect_0" instantiated altera_merlin_slave_agent "jtag_uart_0_avalon_jtag_slave_agent"
Info: jtag_uart_0_avalon_jtag_slave_agent_rsp_fifo: "mm_interconnect_0" instantiated altera_avalon_sc_fifo "jtag_uart_0_avalon_jtag_slave_agent_rsp_fifo"
Info: router: "mm_interconnect_0" instantiated altera_merlin_router "router"
Info: router_001: "mm_interconnect_0" instantiated altera_merlin_router "router_001"
Info: router_002: "mm_interconnect_0" instantiated altera_merlin_router "router_002"
Info: router_005: "mm_interconnect_0" instantiated altera_merlin_router "router_005"
Info: cmd_demux: "mm_interconnect_0" instantiated altera_merlin_demultiplexer "cmd_demux"
Info: cmd_demux_001: "mm_interconnect_0" instantiated altera_merlin_demultiplexer "cmd_demux_001"
Info: cmd_mux: "mm_interconnect_0" instantiated altera_merlin_multiplexer "cmd_mux"
Info: cmd_mux_003: "mm_interconnect_0" instantiated altera_merlin_multiplexer "cmd_mux_003"
Info: Reusing file E:/THhethongnhung/Bai2/system/synthesis/submodules/altera_merlin_arbitrator.sv
Info: rsp_demux: "mm_interconnect_0" instantiated altera_merlin_demultiplexer "rsp_demux"
Info: rsp_demux_003: "mm_interconnect_0" instantiated altera_merlin_demultiplexer "rsp_demux_003"
Info: rsp_mux: "mm_interconnect_0" instantiated altera_merlin_multiplexer "rsp_mux"
Info: Reusing file E:/THhethongnhung/Bai2/system/synthesis/submodules/altera_merlin_arbitrator.sv
Info: rsp_mux_001: "mm_interconnect_0" instantiated altera_merlin_multiplexer "rsp_mux_001"
Info: Reusing file E:/THhethongnhung/Bai2/system/synthesis/submodules/altera_merlin_arbitrator.sv
Info: avalon_st_adapter: "mm_interconnect_0" instantiated altera_avalon_st_adapter "avalon_st_adapter"
Info: error_adapter_0: "avalon_st_adapter" instantiated error_adapter "error_adapter_0"
Info: system: Done "system" with 30 modules, 43 files
Info: qsys-generate succeeded.
Info: Finished: Create HDL design files for synthesis
