16:22:12 **** Incremental Build of configuration Nios II for project doan6 ****
make all 
Info: Building ../doan6_bsp/
E:/quatus/nios2eds/bin/gnu/H-x86_64-mingw32/bin/make --no-print-directory -C ../doan6_bsp/
[BSP build complete]
Info: Compiling source.c to obj/default/source.o
nios2-elf-gcc -xc -MP -MMD -c -I../doan6_bsp//HAL/inc -I../doan6_bsp/ -I../doan6_bsp//drivers/inc  -pipe -D__hal__ -DALT_NO_INSTRUCTION_EMULATION -DALT_USE_SMALL_DRIVERS -DALT_SIM_OPTIMIZE -DSMALL_C_LIB -DALT_SINGLE_THREADED    -O0 -g -Wall   -mno-hw-div -mno-hw-mul -mno-hw-mulx -mgpopt=global  -o obj/default/source.o source.c
source.c:7:0: warning: "LED_BASE" redefined
 #define LED_BASE (volatile unsigned int*)0x41050
 ^
In file included from source.c:3:0:
../doan6_bsp/system.h:214:0: note: this is the location of the previous definition
 #define LED_BASE 0x41050
 ^
source.c:8:0: warning: "SWITCH_BASE" redefined
 #define SWITCH_BASE (volatile unsigned int*)0x41040
 ^
In file included from source.c:3:0:
../doan6_bsp/system.h:270:0: note: this is the location of the previous definition
 #define SWITCH_BASE 0x41040
 ^
Info: Linking RUN_ON_HDL_SIMULATOR_ONLY_doan6.elf
nios2-elf-g++  -T'../doan6_bsp//linker.x' -msys-crt0='../doan6_bsp//obj/HAL/src/crt0.o' -msys-lib=hal_bsp -L../doan6_bsp/  -msmallc  -Wl,-Map=RUN_ON_HDL_SIMULATOR_ONLY_doan6.map   -O0 -g -Wall   -mno-hw-div -mno-hw-mul -mno-hw-mulx -mgpopt=global  -o RUN_ON_HDL_SIMULATOR_ONLY_doan6.elf obj/default/source.o -lm -msys-lib=m
nios2-elf-insert RUN_ON_HDL_SIMULATOR_ONLY_doan6.elf --thread_model hal --cpu_name nios2_gen2_0 --qsys true --simulation_enabled false --stderr_dev jtag_uart_0 --stdin_dev jtag_uart_0 --stdout_dev jtag_uart_0 --sopc_system_name system --quartus_project_dir "E:/THhethongnhung/Bai2" --jdi ../..//output_files/Bai2.jdi --sopcinfo E:/THhethongnhung/Bai2/Software/doan6_bsp/../../system.sopcinfo
Info: (RUN_ON_HDL_SIMULATOR_ONLY_doan6.elf) 10128 Bytes program size (code + initialized data).
Info:                                       117 KBytes free for stack + heap.
Info: Creating RUN_ON_HDL_SIMULATOR_ONLY_doan6.objdump
nios2-elf-objdump --disassemble --syms --all-header --source RUN_ON_HDL_SIMULATOR_ONLY_doan6.elf >RUN_ON_HDL_SIMULATOR_ONLY_doan6.objdump
[RUN_ON_HDL_SIMULATOR_ONLY_doan6 build complete]
16:22:46 **** Build of configuration Nios II for project doan6 ****
make all 
Info: Building ../doan6_bsp/
E:/quatus/nios2eds/bin/gnu/H-x86_64-mingw32/bin/make --no-print-directory -C ../doan6_bsp/
[BSP build complete]
[RUN_ON_HDL_SIMULATOR_ONLY_doan6 build complete]
16:22:47 **** Incremental Build of configuration Nios II for project doan6 ****
make all 
Info: Building ../doan6_bsp/
E:/quatus/nios2eds/bin/gnu/H-x86_64-mingw32/bin/make --no-print-directory -C ../doan6_bsp/
[BSP build complete]
[RUN_ON_HDL_SIMULATOR_ONLY_doan6 build complete]
